app/build/outputs/mapping/release/seeds.txt
id.kotlin.hspbtool.VentazaRecordData: VentazaRecordData()
id.kotlin.hspbtool.VentazaFilterShowLog: VentazaFilterShowLog()
id.kotlin.hspbtool.ChangePassword: ChangePassword()
id.kotlin.hspbtool.AccountingActivity: AccountingActivity()
id.kotlin.hspbtool.hotel_information_test_activity: hotel_information_test_activity()
id.kotlin.hspbtool.AddRecordActivityVentazaMaintenance: AddRecordActivityVentazaMaintenance()
id.kotlin.hspbtool.VentazaRecordData
id.kotlin.hspbtool.MenuEngineeringRecord: MenuEngineeringRecord()
id.kotlin.hspbtool.Second3Fragment: Second3Fragment()
id.kotlin.hspbtool.ViewRecordBatteryActivity: ViewRecordBatteryActivity()
id.kotlin.hspbtool.AccountingActivity
id.kotlin.hspbtool.SantikaInformationActivity: SantikaInformationActivity()
id.kotlin.hspbtool.ui.home.HomeFragment
id.kotlin.hspbtool.EngineeringActivity
id.kotlin.hspbtool.LoginActivity: LoginActivity()
id.kotlin.hspbtool.EmployeInformationActivity
id.kotlin.hspbtool.AddRecordActivityACMaintenance: AddRecordActivityACMaintenance()
id.kotlin.hspbtool.LogRecordActivity: LogRecordActivity()
id.kotlin.hspbtool.FBServiceActivity: FBServiceActivity()
id.kotlin.hspbtool.hotel_information_test_activity
id.kotlin.hspbtool.Second3Fragment
id.kotlin.hspbtool.FirstFragment: FirstFragment()
id.kotlin.hspbtool.VentazaFilterShowData
id.kotlin.hspbtool.AddRecordActivityVentaza
id.kotlin.hspbtool.MenuEngineeringRecord
id.kotlin.hspbtool.First3Fragment
id.kotlin.hspbtool.MainActivity: MainActivity()
id.kotlin.hspbtool.FrontOfficeActivity: FrontOfficeActivity()
id.kotlin.hspbtool.LoginActivity
id.kotlin.hspbtool.AddRecordActivityACMaintenance
id.kotlin.hspbtool.SalesMarketingActivity
id.kotlin.hspbtool.EmployeInformationActivity: EmployeInformationActivity()
id.kotlin.hspbtool.LogRecordActivity
id.kotlin.hspbtool.EngineeringActivity: EngineeringActivity()
id.kotlin.hspbtool.HotelnformationActivity: HotelnformationActivity()
id.kotlin.hspbtool.ACRecordData: ACRecordData()
id.kotlin.hspbtool.ui.home.HomeViewModel: HomeViewModel()
id.kotlin.hspbtool.First2Fragment
id.kotlin.hspbtool.BannerFragment: BannerFragment()
id.kotlin.hspbtool.ui.home.HomeViewModel
id.kotlin.hspbtool.FirstFragment
id.kotlin.hspbtool.FBProductActivity: FBProductActivity()
id.kotlin.hspbtool.SecondFragment: SecondFragment()
id.kotlin.hspbtool.FrontOfficeActivity
id.kotlin.hspbtool.FBServiceActivity
id.kotlin.hspbtool.Second2Fragment
id.kotlin.hspbtool.HRDActivity
id.kotlin.hspbtool.First3Fragment: First3Fragment()
id.kotlin.hspbtool.SantikaInformationActivity
id.kotlin.hspbtool.VentazaFilterShowData: VentazaFilterShowData()
id.kotlin.hspbtool.ui.login.LoginActivity: LoginActivity()
id.kotlin.hspbtool.First2Fragment: First2Fragment()
id.kotlin.hspbtool.FBProductActivity
id.kotlin.hspbtool.SalesMarketingActivity: SalesMarketingActivity()
id.kotlin.hspbtool.MainActivity
id.kotlin.hspbtool.VentazaFilterShowLog
id.kotlin.hspbtool.HKActivity
id.kotlin.hspbtool.ChangePassword
id.kotlin.hspbtool.WorkOrderActivity
id.kotlin.hspbtool.ACRecordData
id.kotlin.hspbtool.BannerFragment
id.kotlin.hspbtool.SecondFragment
id.kotlin.hspbtool.HKActivity: HKActivity()
id.kotlin.hspbtool.ViewRecordBatteryActivity
id.kotlin.hspbtool.ui.login.LoginActivity
id.kotlin.hspbtool.HotelnformationActivity
id.kotlin.hspbtool.AddRecordActivityVentaza: AddRecordActivityVentaza()
id.kotlin.hspbtool.ui.home.HomeFragment: HomeFragment()
id.kotlin.hspbtool.Second2Fragment: Second2Fragment()
id.kotlin.hspbtool.HRDActivity: HRDActivity()
id.kotlin.hspbtool.ui.login.LoginViewModel
id.kotlin.hspbtool.AddRecordActivityVentazaMaintenance
id.kotlin.hspbtool.WorkOrderActivity: WorkOrderActivity()
...
androidx.appcompat.view.menu.ListMenuItemView: void setForceShowIcon(boolean)
androidx.vectordrawable.graphics.drawable.VectorDrawableCompat$VPathRenderer: void setRootAlpha(int)
androidx.appcompat.widget.ActionBarOverlayLayout: void setHideOnContentScrollEnabled(boolean)
androidx.lifecycle.LiveData$LifecycleBoundObserver
com.google.android.material.button.MaterialButton: void setIconTintMode(android.graphics.PorterDuff$Mode)
androidx.drawerlayout.widget.DrawerLayout
com.google.android.material.chip.Chip: void setLines(int)
com.google.android.material.snackbar.Snackbar$SnackbarLayout: void setBackgroundTintList(android.content.res.ColorStateList)
android.support.v4.os.ResultReceiver: android.os.Parcelable$Creator CREATOR
com.google.android.material.floatingactionbutton.FloatingActionButton: void setRippleColor(android.content.res.ColorStateList)
androidx.appcompat.widget.AppCompatImageView: void setImageURI(android.net.Uri)
androidx.appcompat.widget.Toolbar
androidx.appcompat.widget.Toolbar$SavedState: android.os.Parcelable$Creator CREATOR
androidx.fragment.app.FragmentContainerView
androidx.appcompat.widget.AppCompatAutoCompleteTextView: void setSupportBackgroundTintMode(android.graphics.PorterDuff$Mode)
com.google.android.material.textfield.TextInputLayout: android.widget.EditText getEditText()
com.google.android.material.appbar.HeaderBehavior: HeaderBehavior(android.content.Context,android.util.AttributeSet)
androidx.appcompat.widget.AppCompatTextView: void setPrecomputedText(androidx.core.text.PrecomputedTextCompat)
com.google.android.material.internal.NavigationMenuView
com.google.android.material.textfield.TextInputLayout: void setPlaceholderTextColor(android.content.res.ColorStateList)
androidx.appcompat.widget.AppCompatTextView: void setSupportBackgroundTintList(android.content.res.ColorStateList)
com.google.android.material.appbar.AppBarLayout: float getTargetElevation()
com.google.android.material.appbar.CollapsingToolbarLayout: void setScrimAnimationDuration(long)
com.google.android.material.snackbar.BaseTransientBottomBar$SnackbarBaseLayout: void setBackground(android.graphics.drawable.Drawable)
androidx.appcompat.widget.AppCompatImageView: android.graphics.PorterDuff$Mode getSupportImageTintMode()
com.google.android.material.bottomappbar.BottomAppBar: int getFabAlignmentMode()
com.google.android.material.card.MaterialCardView: void setBackground(android.graphics.drawable.Drawable)
androidx.savedstate.SavedStateRegistry$1
androidx.cardview.widget.CardView: int getContentPaddingLeft()
androidx.appcompat.widget.LinearLayoutCompat: int getDividerWidth()
androidx.appcompat.widget.ViewStubCompat: int getInflatedId()
com.google.android.material.button.MaterialButton: android.content.res.ColorStateList getIconTint()
com.google.android.material.textfield.TextInputLayout: android.graphics.drawable.Drawable getEndIconDrawable()
com.google.android.material.textfield.TextInputLayout$SavedState: android.os.Parcelable$Creator CREATOR
com.google.android.material.button.MaterialButton: void setInsetBottom(int)
androidx.appcompat.view.menu.ListMenuItemView: void setTitle(java.lang.CharSequence)
com.rd.PageIndicatorView: int getSelectedColor()
androidx.media.AudioAttributesImplApi21Parcelizer
androidx.appcompat.widget.AppCompatImageButton: void setImageDrawable(android.graphics.drawable.Drawable)
android.support.v4.media.session.ParcelableVolumeInfo: android.os.Parcelable$Creator CREATOR
androidx.recyclerview.widget.RecyclerView: void setPreserveFocusAfterLayout(boolean)
com.google.android.material.card.MaterialCardView: int getCheckedIconSize()
androidx.appcompat.widget.SearchView: void setMaxWidth(int)
com.google.android.material.chip.Chip: void setShowMotionSpecResource(int)
com.google.android.material.card.MaterialCardView: int getContentPaddingTop()
kotlinx.coroutines.android.AndroidExceptionPreHandler: kotlin.reflect.KProperty[] $$delegatedProperties