app/build/outputs/mapping/release/mapping.txt
# compiler: R8
# compiler_version: 2.1.86
# min_api: 24
# pg_map_id: f230aff
# common_typos_disable
id.kotlin.hspbtool.ACRecordData -> id.kotlin.hspbtool.ACRecordData:
    java.util.HashMap _$_findViewCache -> r
    com.xwray.groupie.GroupAdapter groupAdapter -> q
    void onSeeAllPromoClick() -> g
    1:1:java.lang.String id.kotlin.hspbtool.domain.Product.getName():0:0 -> j
    1:1:void onProductClicked(id.kotlin.hspbtool.domain.Product):0 -> j
    2:2:void onProductClicked(id.kotlin.hspbtool.domain.Product):0:0 -> j
    1:1:android.view.View _$_findCachedViewById(int):0:0 -> onCreate
    1:1:void onCreate(android.os.Bundle):0 -> onCreate
    2:2:void onCreate(android.os.Bundle):0:0 -> onCreate
    3:3:void androidx.recyclerview.widget.LinearLayoutManager.<init>(android.content.Context):0:0 -> onCreate
    3:3:void onCreate(android.os.Bundle):0 -> onCreate
    4:4:void onCreate(android.os.Bundle):0:0 -> onCreate
    5:5:id.kotlin.hspbtool.item.ProductCategoryItem makeProductCategory(java.util.List):0:0 -> onCreate
    5:5:void onCreate(android.os.Bundle):0 -> onCreate
    6:6:void onCreate(android.os.Bundle):0:0 -> onCreate
id.kotlin.hspbtool.AccountingActivity -> id.kotlin.hspbtool.AccountingActivity:
    1:1:void androidx.recyclerview.widget.LinearLayoutManager.<init>(android.content.Context):0:0 -> onCreate
    1:1:void onCreate(android.os.Bundle):0 -> onCreate
    2:2:void onCreate(android.os.Bundle):0:0 -> onCreate
    3:3:void androidx.recyclerview.widget.RecyclerView$Adapter.notifyDataSetChanged():0:0 -> onCreate
    3:3:void onCreate(android.os.Bundle):0 -> onCreate
    4:4:void onCreate(android.os.Bundle):0:0 -> onCreate
id.kotlin.hspbtool.AddRecordActivityACMaintenance -> id.kotlin.hspbtool.AddRecordActivityACMaintenance:
    java.util.HashMap _$_findViewCache -> q
    android.view.View _$_findCachedViewById(int) -> x
id.kotlin.hspbtool.AddRecordActivityACMaintenance$onCreate$1 -> id.kotlin.hspbtool.AddRecordActivityACMaintenance$a:
    java.lang.String $userLoginName -> g
    id.kotlin.hspbtool.AddRecordActivityACMaintenance this$0 -> c
    kotlin.jvm.internal.Ref$ObjectRef $radioButton -> e
    kotlin.jvm.internal.Ref$ObjectRef $maintenance_type -> f
    android.widget.RadioGroup $radioGroupVentazaSelection -> d
    1:1:java.lang.String id.kotlin.hspbtool.ApiEndPoint.access$getCreate_maintenance_ventaza$cp():0:0 -> onClick
    1:1:java.lang.String id.kotlin.hspbtool.ApiEndPoint$Companion.getCreate_maintenance_ventaza():0 -> onClick
    1:1:void onClick(android.view.View):0 -> onClick
    2:2:com.androidnetworking.common.ANRequest$PostRequestBuilder com.androidnetworking.AndroidNetworking.post(java.lang.String):0:0 -> onClick
    2:2:void onClick(android.view.View):0 -> onClick
    3:3:void onClick(android.view.View):0:0 -> onClick
    4:4:com.androidnetworking.common.ANRequest$PostRequestBuilder com.androidnetworking.common.ANRequest$PostRequestBuilder.addBodyParameter(java.lang.String,java.lang.String):0:0 -> onClick
    4:4:void onClick(android.view.View):0 -> onClick
    5:5:void onClick(android.view.View):0:0 -> onClick
    6:6:com.androidnetworking.common.ANRequest$PostRequestBuilder com.androidnetworking.common.ANRequest$PostRequestBuilder.addBodyParameter(java.lang.String,java.lang.String):0:0 -> onClick
    6:6:void onClick(android.view.View):0 -> onClick
id.kotlin.hspbtool.AddRecordActivityACMaintenance$onCreate$1$1 -> id.kotlin.hspbtool.AddRecordActivityACMaintenance$a$a:
    id.kotlin.hspbtool.AddRecordActivityACMaintenance$onCreate$1 this$0 -> a
    void onError(com.androidnetworking.error.ANError) -> a
    void onResponse(org.json.JSONObject) -> b
id.kotlin.hspbtool.AddRecordActivityVentaza -> id.kotlin.hspbtool.AddRecordActivityVentaza:
    java.util.HashMap _$_findViewCache -> q
    android.view.View _$_findCachedViewById(int) -> x
id.kotlin.hspbtool.AddRecordActivityVentaza$onCreate$1 -> id.kotlin.hspbtool.AddRecordActivityVentaza$a:
    java.lang.String[] $ventazaChoose -> d
    kotlin.jvm.internal.Ref$ObjectRef $textSpinnerSelected -> c
...
androidx.appcompat.widget.ViewStubCompat$OnInflateListener -> androidx.appcompat.widget.ViewStubCompat$a:
    void onInflate(androidx.appcompat.widget.ViewStubCompat,android.view.View) -> a
androidx.appcompat.widget.ViewUtils -> b.b.g.d1:
    java.lang.reflect.Method sComputeFitSystemWindowsMethod -> a
    void computeFitSystemWindows(android.view.View,android.graphics.Rect,android.graphics.Rect) -> a
    1:1:int androidx.core.view.ViewCompat.getLayoutDirection(android.view.View):0:0 -> b
    1:1:boolean isLayoutRtl(android.view.View):0 -> b
androidx.appcompat.widget.WithHint -> b.b.g.e1:
    java.lang.CharSequence getHint() -> a
androidx.arch.core.executor.ArchTaskExecutor -> b.c.a.a.a:
    androidx.arch.core.executor.ArchTaskExecutor sInstance -> c
    androidx.arch.core.executor.TaskExecutor mDefaultTaskExecutor -> b
    androidx.arch.core.executor.TaskExecutor mDelegate -> a
    boolean isMainThread() -> a
    androidx.arch.core.executor.ArchTaskExecutor getInstance() -> b
androidx.arch.core.executor.DefaultTaskExecutor -> b.c.a.a.b:
    java.lang.Object mLock -> a
    java.util.concurrent.ExecutorService mDiskIO -> b
    boolean isMainThread() -> a
androidx.arch.core.executor.DefaultTaskExecutor$1 -> b.c.a.a.b$a:
    java.util.concurrent.atomic.AtomicInteger mThreadId -> a
androidx.arch.core.executor.TaskExecutor -> b.c.a.a.c:
    boolean isMainThread() -> a
androidx.arch.core.internal.FastSafeIterableMap -> b.c.a.b.a:
    java.util.HashMap mHashMap -> g
    androidx.arch.core.internal.SafeIterableMap$Entry get(java.lang.Object) -> a
    1:1:androidx.arch.core.internal.SafeIterableMap$Entry get(java.lang.Object):0:0 -> d
    1:1:java.lang.Object putIfAbsent(java.lang.Object,java.lang.Object):0 -> d
    2:2:java.lang.Object putIfAbsent(java.lang.Object,java.lang.Object):0:0 -> d
    java.lang.Object remove(java.lang.Object) -> e
androidx.arch.core.internal.SafeIterableMap -> b.c.a.b.b:
    androidx.arch.core.internal.SafeIterableMap$Entry mStart -> c
    androidx.arch.core.internal.SafeIterableMap$Entry mEnd -> d
    int mSize -> f
    java.util.WeakHashMap mIterators -> e
    androidx.arch.core.internal.SafeIterableMap$Entry get(java.lang.Object) -> a
    androidx.arch.core.internal.SafeIterableMap$IteratorWithAdditions iteratorWithAdditions() -> b
    androidx.arch.core.internal.SafeIterableMap$Entry put(java.lang.Object,java.lang.Object) -> c
    java.lang.Object putIfAbsent(java.lang.Object,java.lang.Object) -> d
    java.lang.Object remove(java.lang.Object) -> e
    1:1:int size():0:0 -> equals
    1:1:boolean equals(java.lang.Object):0 -> equals
    2:2:boolean equals(java.lang.Object):0:0 -> equals
androidx.arch.core.internal.SafeIterableMap$AscendingIterator -> b.c.a.b.b$a:
    androidx.arch.core.internal.SafeIterableMap$Entry backward(androidx.arch.core.internal.SafeIterableMap$Entry) -> b
    androidx.arch.core.internal.SafeIterableMap$Entry forward(androidx.arch.core.internal.SafeIterableMap$Entry) -> c
androidx.arch.core.internal.SafeIterableMap$DescendingIterator -> b.c.a.b.b$b:
    androidx.arch.core.internal.SafeIterableMap$Entry backward(androidx.arch.core.internal.SafeIterableMap$Entry) -> b
    androidx.arch.core.internal.SafeIterableMap$Entry forward(androidx.arch.core.internal.SafeIterableMap$Entry) -> c
androidx.arch.core.internal.SafeIterableMap$Entry -> b.c.a.b.b$c:
    java.lang.Object mValue -> d
    androidx.arch.core.internal.SafeIterableMap$Entry mNext -> e
    androidx.arch.core.internal.SafeIterableMap$Entry mPrevious -> f
    java.lang.Object mKey -> c
androidx.arch.core.internal.SafeIterableMap$IteratorWithAdditions -> b.c.a.b.b$d:
    androidx.arch.core.internal.SafeIterableMap$Entry mCurrent -> c
    androidx.arch.core.internal.SafeIterableMap this$0 -> e
    boolean mBeforeStart -> d
    void supportRemove(androidx.arch.core.internal.SafeIterableMap$Entry) -> a
    1:1:java.util.Map$Entry next():0:0 -> next
    1:1:java.lang.Object next():0 -> next