app/build/outputs/mapping/release/usage.txt
id.kotlin.hspbtool.AccountingActivity:
    public android.view.View _$_findCachedViewById(int)
    public void _$_clearFindViewByIdCache()
    private java.util.HashMap _$_findViewCache
id.kotlin.hspbtool.WorkOrderActivity:
    public android.view.View _$_findCachedViewById(int)
    public void _$_clearFindViewByIdCache()
    private java.util.HashMap _$_findViewCache
id.kotlin.hspbtool.R$styleable
id.kotlin.hspbtool.ui.gallery.GalleryFragment$onCreateView$1
id.kotlin.hspbtool.domain.BannerPromo:
    public static synthetic id.kotlin.hspbtool.domain.BannerPromo copy$default(id.kotlin.hspbtool.domain.BannerPromo,java.lang.String,java.lang.String,int,java.lang.Object)
    public final java.lang.String getName()
    public final java.lang.String component1()
    public final java.lang.String component2()
    public final id.kotlin.hspbtool.domain.BannerPromo copy(java.lang.String,java.lang.String)
id.kotlin.hspbtool.BuildConfig
id.kotlin.hspbtool.R$mipmap
id.kotlin.hspbtool.SecondFragment:
    public android.view.View _$_findCachedViewById(int)
id.kotlin.hspbtool.LoginActivity:
    public void _$_clearFindViewByIdCache()
id.kotlin.hspbtool.ui.slideshow.SlideshowFragment
id.kotlin.hspbtool.domain.ShowDataVentazaLogAndViewData:
    public static synthetic id.kotlin.hspbtool.domain.ShowDataVentazaLogAndViewData copy$default(id.kotlin.hspbtool.domain.ShowDataVentazaLogAndViewData,java.lang.String,java.lang.String,java.lang.String,java.lang.String,int,java.lang.Object)
    public final java.lang.String component1()
    public final java.lang.String component2()
    public final java.lang.String component3()
    public final java.lang.String component4()
    public final id.kotlin.hspbtool.domain.ShowDataVentazaLogAndViewData copy(java.lang.String,java.lang.String,java.lang.String,java.lang.String)
id.kotlin.hspbtool.R$string
id.kotlin.hspbtool.ui.home.HomeFragment:
    public android.view.View _$_findCachedViewById(int)
id.kotlin.hspbtool.ChangePassword:
    public void _$_clearFindViewByIdCache()
id.kotlin.hspbtool.R$array
id.kotlin.hspbtool.data.model.LoggedInUser:
    public static synthetic id.kotlin.hspbtool.data.model.LoggedInUser copy$default(id.kotlin.hspbtool.data.model.LoggedInUser,java.lang.String,java.lang.String,int,java.lang.Object)
    public final java.lang.String getUserId()
    public final java.lang.String component1()
    public final java.lang.String component2()
    public final id.kotlin.hspbtool.data.model.LoggedInUser copy(java.lang.String,java.lang.String)
id.kotlin.hspbtool.R$color
id.kotlin.hspbtool.BannerFragment:
    public static final id.kotlin.hspbtool.BannerFragment newInstance(java.lang.String)
id.kotlin.hspbtool.domain.DataAdapterHotelInformation:
    public static synthetic id.kotlin.hspbtool.domain.DataAdapterHotelInformation copy$default(id.kotlin.hspbtool.domain.DataAdapterHotelInformation,java.lang.String,java.lang.String,int,java.lang.Object)
    public final java.lang.String component1()
    public final java.lang.String component2()
    public final id.kotlin.hspbtool.domain.DataAdapterHotelInformation copy(java.lang.String,java.lang.String)
id.kotlin.hspbtool.ACRecordData:
    public void onBannerClick(id.kotlin.hspbtool.domain.BannerPromo)
    public void onHeroClick(id.kotlin.hspbtool.domain.Hero)
    public void _$_clearFindViewByIdCache()
id.kotlin.hspbtool.R$drawable
id.kotlin.hspbtool.data.Result$Success:
    public static synthetic id.kotlin.hspbtool.data.Result$Success copy$default(id.kotlin.hspbtool.data.Result$Success,java.lang.Object,int,java.lang.Object)
    public final java.lang.Object component1()
    public final id.kotlin.hspbtool.data.Result$Success copy(java.lang.Object)
id.kotlin.hspbtool.R$style
id.kotlin.hspbtool.R$attr
id.kotlin.hspbtool.EmployeInformationActivity:
    public void onBannerClick(id.kotlin.hspbtool.domain.BannerPromo)
    public void onHeroClick(id.kotlin.hspbtool.domain.Hero)
    public void _$_clearFindViewByIdCache()
id.kotlin.hspbtool.R$bool
...
com.squareup.picasso.Dispatcher$NetworkBroadcastReceiver:
    void unregister()
    static final java.lang.String EXTRA_AIRPLANE_STATE
com.google.android.material.R$animator:
    private void <init>()
    public static final int design_appbar_state_list_animator
    public static final int linear_indeterminate_line1_head_interpolator
    public static final int linear_indeterminate_line1_tail_interpolator
    public static final int linear_indeterminate_line2_head_interpolator
    public static final int linear_indeterminate_line2_tail_interpolator
    public static final int mtrl_btn_state_list_anim
    public static final int mtrl_btn_unelevated_state_list_anim
    public static final int mtrl_card_state_list_anim
    public static final int mtrl_chip_state_list_anim
    public static final int mtrl_extended_fab_change_size_collapse_motion_spec
    public static final int mtrl_extended_fab_change_size_expand_motion_spec
    public static final int mtrl_extended_fab_hide_motion_spec
    public static final int mtrl_extended_fab_show_motion_spec
    public static final int mtrl_extended_fab_state_list_animator
    public static final int mtrl_fab_hide_motion_spec
    public static final int mtrl_fab_show_motion_spec
androidx.appcompat.R$attr:
    private void <init>()
    public static final int actionBarDivider
    public static final int actionBarItemBackground
    public static final int actionBarSplitStyle
    public static final int actionBarTabBarStyle
    public static final int actionButtonStyle
    public static final int actionLayout
    public static final int actionMenuTextAppearance
    public static final int actionMenuTextColor
    public static final int actionModeBackground
    public static final int actionModeCloseButtonStyle
    public static final int actionModeCloseDrawable
    public static final int actionModeCopyDrawable
    public static final int actionModeCutDrawable
    public static final int actionModeFindDrawable
    public static final int actionModePasteDrawable
    public static final int actionModeSelectAllDrawable
    public static final int actionModeShareDrawable
    public static final int actionModeSplitBackground
    public static final int actionModeWebSearchDrawable
    public static final int actionProviderClass
    public static final int actionViewClass
    public static final int activityChooserViewStyle
    public static final int alertDialogButtonGroupStyle
    public static final int allowStacking
    public static final int alpha
    public static final int alphabeticModifiers
    public static final int arrowHeadLength
    public static final int arrowShaftLength
    public static final int autoSizeMaxTextSize
kotlin.collections.AbstractIterator
com.google.android.material.shape.CornerTreatment:
    public void getCornerPath(float,float,com.google.android.material.shape.ShapePath)
org.intellij.lang.annotations.JdkConstants$FontStyle
com.fasterxml.jackson.core.util.DefaultPrettyPrinter
androidx.loader.R
androidx.activity.ActivityViewModelLazyKt$viewModels$1
androidx.appcompat.resources.R$drawable:
    private void <init>()
    public static final int notification_action_background
    public static final int notification_bg
    public static final int notification_bg_low
    public static final int notification_bg_low_normal
    public static final int notification_bg_low_pressed
    public static final int notification_bg_normal
    public static final int notification_bg_normal_pressed
    public static final int notification_icon_background
    public static final int notification_template_icon_bg
    public static final int notification_template_icon_low_bg
    public static final int notification_tile_bg
    public static final int notify_panel_notification_icon_bg
kotlinx.coroutines.internal.SharedImmutable
com.rd.pageindicatorview.R$integer
kotlin.collections.AbstractMap
kotlin.time.DurationUnitKt__DurationUnitKt
com.fasterxml.jackson.annotation.JsonCreator